{"level":"error","service":"user-service"}
{"level":"error","service":"user-service"}
{"level":"error","service":"user-service"}
{"level":"error","service":"user-service"}
{"level":"error","service":"user-service"}
{"level":"error","service":"user-service"}
{"code":"22P02","file":"numutils.c","length":146,"level":"error","line":"320","name":"error","routine":"pg_strtoint32","service":"user-service","severity":"ERROR","where":"unnamed portal parameter $1 = '...'"}
{"code":"42P01","file":"parse_relation.c","length":112,"level":"error","line":"3553","name":"error","position":"30","routine":"errorMissingRTE","service":"user-service","severity":"ERROR"}
{"code":"42P01","file":"parse_relation.c","length":112,"level":"error","line":"3553","name":"error","position":"30","routine":"errorMissingRTE","service":"user-service","severity":"ERROR"}
{"code":"42P01","file":"parse_relation.c","length":112,"level":"error","line":"3553","name":"error","position":"30","routine":"errorMissingRTE","service":"user-service","severity":"ERROR"}
{"code":"42P01","file":"parse_relation.c","length":112,"level":"error","line":"3553","name":"error","position":"30","routine":"errorMissingRTE","service":"user-service","severity":"ERROR"}
{"code":"42P01","file":"parse_relation.c","length":112,"level":"error","line":"3553","name":"error","position":"30","routine":"errorMissingRTE","service":"user-service","severity":"ERROR"}
{"code":"42P01","file":"parse_relation.c","length":112,"level":"error","line":"3553","name":"error","position":"30","routine":"errorMissingRTE","service":"user-service","severity":"ERROR"}
{"code":"42P01","file":"parse_relation.c","length":112,"level":"error","line":"3553","name":"error","position":"30","routine":"errorMissingRTE","service":"user-service","severity":"ERROR"}
{"level":"error","service":"user-service"}
{"level":"error","service":"user-service"}
{"level":"error","service":"user-service"}
{"level":"error","service":"user-service"}
{"level":"error","service":"user-service"}
{"level":"error","service":"user-service"}
{"code":"23502","column":"name","detail":"Failing row contains (3, 1, null, null, f, 2022-07-21 06:57:36.404891+00, 2022-07-21 06:57:36.404891+00).","file":"execMain.c","length":273,"level":"error","line":"1883","name":"error","routine":"ExecConstraints","schema":"public","service":"user-service","severity":"ERROR","table":"channels"}
{"code":"42601","file":"scan.l","length":94,"level":"error","line":"1176","name":"error","position":"69","routine":"scanner_yyerror","service":"user-service","severity":"ERROR"}
{"code":"42601","file":"scan.l","length":94,"level":"error","line":"1176","name":"error","position":"69","routine":"scanner_yyerror","service":"user-service","severity":"ERROR"}
{"code":"42601","file":"scan.l","length":94,"level":"error","line":"1176","name":"error","position":"69","routine":"scanner_yyerror","service":"user-service","severity":"ERROR"}
{"code":"42601","file":"scan.l","length":94,"level":"error","line":"1176","name":"error","position":"69","routine":"scanner_yyerror","service":"user-service","severity":"ERROR"}
{"code":"42601","file":"scan.l","length":94,"level":"error","line":"1176","name":"error","position":"96","routine":"scanner_yyerror","service":"user-service","severity":"ERROR"}
{"code":"42601","file":"scan.l","length":94,"level":"error","line":"1176","name":"error","position":"92","routine":"scanner_yyerror","service":"user-service","severity":"ERROR"}
{"code":"42601","file":"scan.l","length":90,"level":"error","line":"1176","name":"error","position":"18","routine":"scanner_yyerror","service":"user-service","severity":"ERROR"}
{"code":"42601","file":"scan.l","length":99,"level":"error","line":"1176","name":"error","position":"25","routine":"scanner_yyerror","service":"user-service","severity":"ERROR"}
{"code":"42601","file":"analyze.c","length":131,"level":"error","line":"2074","name":"error","position":"150","routine":"transformSetOperationTree","service":"user-service","severity":"ERROR"}
{"code":"42703","file":"parse_relation.c","length":115,"level":"error","line":"3601","name":"error","position":"49","routine":"errorMissingColumn","service":"user-service","severity":"ERROR"}
{"code":"42703","file":"parse_relation.c","length":115,"level":"error","line":"3601","name":"error","position":"49","routine":"errorMissingColumn","service":"user-service","severity":"ERROR"}
{"code":"23505","constraint":"channel_users_pkey","detail":"Key (channel_id, user_id)=(1, 1) already exists.","file":"nbtinsert.c","length":224,"level":"error","line":"663","name":"error","routine":"_bt_check_unique","schema":"public","service":"user-service","severity":"ERROR","table":"channel_users"}
{"code":"23505","constraint":"channel_users_pkey","detail":"Key (channel_id, user_id)=(1, 1) already exists.","file":"nbtinsert.c","length":224,"level":"error","line":"663","name":"error","routine":"_bt_check_unique","schema":"public","service":"user-service","severity":"ERROR","table":"channel_users"}
{"code":"23503","constraint":"channel_users_user_id_foreign","detail":"Key (user_id)=(3) is not present in table \"users\".","file":"ri_triggers.c","length":280,"level":"error","line":"2528","name":"error","routine":"ri_ReportViolation","schema":"public","service":"user-service","severity":"ERROR","table":"channel_users"}
{"code":"23503","constraint":"channel_users_user_id_foreign","detail":"Key (user_id)=(3) is not present in table \"users\".","file":"ri_triggers.c","length":280,"level":"error","line":"2528","name":"error","routine":"ri_ReportViolation","schema":"public","service":"user-service","severity":"ERROR","table":"channel_users"}
{"code":"23503","constraint":"channel_users_user_id_foreign","detail":"Key (user_id)=(3) is not present in table \"users\".","file":"ri_triggers.c","length":280,"level":"error","line":"2528","name":"error","routine":"ri_ReportViolation","schema":"public","service":"user-service","severity":"ERROR","table":"channel_users"}
{"code":"23505","constraint":"channel_users_pkey","detail":"Key (channel_id, user_id)=(1, 2) already exists.","file":"nbtinsert.c","length":224,"level":"error","line":"663","name":"error","routine":"_bt_check_unique","schema":"public","service":"user-service","severity":"ERROR","table":"channel_users"}
{"code":"23505","constraint":"channel_users_pkey","detail":"Key (channel_id, user_id)=(1, 2) already exists.","file":"nbtinsert.c","length":224,"level":"error","line":"663","name":"error","routine":"_bt_check_unique","schema":"public","service":"user-service","severity":"ERROR","table":"channel_users"}
{"code":"23505","constraint":"channel_users_pkey","detail":"Key (channel_id, user_id)=(1, 2) already exists.","file":"nbtinsert.c","length":224,"level":"error","line":"663","name":"error","routine":"_bt_check_unique","schema":"public","service":"user-service","severity":"ERROR","table":"channel_users"}
{"code":"23505","constraint":"channel_users_pkey","detail":"Key (channel_id, user_id)=(1, 2) already exists.","file":"nbtinsert.c","length":224,"level":"error","line":"663","name":"error","routine":"_bt_check_unique","schema":"public","service":"user-service","severity":"ERROR","table":"channel_users"}
{"code":"23505","constraint":"channel_users_pkey","detail":"Key (channel_id, user_id)=(1, 2) already exists.","file":"nbtinsert.c","length":224,"level":"error","line":"663","name":"error","routine":"_bt_check_unique","schema":"public","service":"user-service","severity":"ERROR","table":"channel_users"}
{"code":"23505","constraint":"channel_users_pkey","detail":"Key (channel_id, user_id)=(1, 1) already exists.","file":"nbtinsert.c","length":224,"level":"error","line":"663","name":"error","routine":"_bt_check_unique","schema":"public","service":"user-service","severity":"ERROR","table":"channel_users"}
{"code":"23505","constraint":"channel_users_pkey","detail":"Key (channel_id, user_id)=(1, 3) already exists.","file":"nbtinsert.c","length":224,"level":"error","line":"663","name":"error","routine":"_bt_check_unique","schema":"public","service":"user-service","severity":"ERROR","table":"channel_users"}
{"code":"23505","constraint":"channel_users_pkey","detail":"Key (channel_id, user_id)=(1, 3) already exists.","file":"nbtinsert.c","length":224,"level":"error","line":"663","name":"error","routine":"_bt_check_unique","schema":"public","service":"user-service","severity":"ERROR","table":"channel_users"}
{"level":"error","service":"user-service"}
